Línea 383: la clase MSAdodcLib.Adodc del control Adodc1 no era una clase de control cargada.
Línea 389: el nombre de la propiedad _ExtentX de Adodc1 no es válido.
Línea 390: el nombre de la propiedad _ExtentY de Adodc1 no es válido.
Línea 391: el nombre de la propiedad ConnectMode de Adodc1 no es válido.
Línea 392: el nombre de la propiedad CursorLocation de Adodc1 no es válido.
Línea 393: el nombre de la propiedad IsolationLevel de Adodc1 no es válido.
Línea 394: el nombre de la propiedad ConnectionTimeout de Adodc1 no es válido.
Línea 395: el nombre de la propiedad CommandTimeout de Adodc1 no es válido.
Línea 396: el nombre de la propiedad CursorType de Adodc1 no es válido.
Línea 397: el nombre de la propiedad LockType de Adodc1 no es válido.
Línea 398: el nombre de la propiedad CommandType de Adodc1 no es válido.
Línea 399: el nombre de la propiedad CursorOptions de Adodc1 no es válido.
Línea 400: el nombre de la propiedad CacheSize de Adodc1 no es válido.
Línea 401: el nombre de la propiedad MaxRecords de Adodc1 no es válido.
Línea 402: el nombre de la propiedad BOFAction de Adodc1 no es válido.
Línea 403: el nombre de la propiedad EOFAction de Adodc1 no es válido.
Línea 404: el nombre de la propiedad ConnectStringType de Adodc1 no es válido.
Línea 408: el nombre de la propiedad Orientation de Adodc1 no es válido.
Línea 410: el nombre de la propiedad Connect de Adodc1 no es válido.
Línea 411: el nombre de la propiedad OLEDBString de Adodc1 no es válido.
Línea 412: el nombre de la propiedad OLEDBFile de Adodc1 no es válido.
Línea 413: el nombre de la propiedad DataSourceName de Adodc1 no es válido.
Línea 414: el nombre de la propiedad OtherAttributes de Adodc1 no es válido.
Línea 415: el nombre de la propiedad UserName de Adodc1 no es válido.
Línea 416: el nombre de la propiedad Password de Adodc1 no es válido.
Línea 417: el nombre de la propiedad RecordSource de Adodc1 no es válido.
Línea 418: el nombre de la propiedad Caption de Adodc1 no es válido.
Línea 428: el nombre de la propiedad _Version de Adodc1 no es válido.
